

Started GET "/" for ::1 at 2015-07-16 23:40:42 +1000

ActiveRecord::PendingMigrationError (

Migrations are pending. To resolve this issue, run:

	bin/rake db:migrate RAILS_ENV=development

):
  activerecord (4.2.0.rc3) lib/active_record/migration.rb:393:in `check_pending!'
  activerecord (4.2.0.rc3) lib/active_record/migration.rb:374:in `call'
  actionpack (4.2.0.rc3) lib/action_dispatch/middleware/callbacks.rb:29:in `block in call'
  activesupport (4.2.0.rc3) lib/active_support/callbacks.rb:88:in `call'
  activesupport (4.2.0.rc3) lib/active_support/callbacks.rb:88:in `_run_callbacks'
  activesupport (4.2.0.rc3) lib/active_support/callbacks.rb:734:in `_run_call_callbacks'
  activesupport (4.2.0.rc3) lib/active_support/callbacks.rb:81:in `run_callbacks'
  actionpack (4.2.0.rc3) lib/action_dispatch/middleware/callbacks.rb:27:in `call'
  actionpack (4.2.0.rc3) lib/action_dispatch/middleware/reloader.rb:73:in `call'
  actionpack (4.2.0.rc3) lib/action_dispatch/middleware/remote_ip.rb:78:in `call'
  actionpack (4.2.0.rc3) lib/action_dispatch/middleware/debug_exceptions.rb:17:in `call'
  web-console (2.1.3) lib/web_console/middleware.rb:37:in `call'
  actionpack (4.2.0.rc3) lib/action_dispatch/middleware/show_exceptions.rb:30:in `call'
  railties (4.2.0.rc3) lib/rails/rack/logger.rb:38:in `call_app'
  railties (4.2.0.rc3) lib/rails/rack/logger.rb:20:in `block in call'
  activesupport (4.2.0.rc3) lib/active_support/tagged_logging.rb:68:in `block in tagged'
  activesupport (4.2.0.rc3) lib/active_support/tagged_logging.rb:26:in `tagged'
  activesupport (4.2.0.rc3) lib/active_support/tagged_logging.rb:68:in `tagged'
  railties (4.2.0.rc3) lib/rails/rack/logger.rb:20:in `call'
  actionpack (4.2.0.rc3) lib/action_dispatch/middleware/request_id.rb:21:in `call'
  rack (1.6.4) lib/rack/methodoverride.rb:22:in `call'
  rack (1.6.4) lib/rack/runtime.rb:18:in `call'
  activesupport (4.2.0.rc3) lib/active_support/cache/strategy/local_cache_middleware.rb:28:in `call'
  rack (1.6.4) lib/rack/lock.rb:17:in `call'
  actionpack (4.2.0.rc3) lib/action_dispatch/middleware/static.rb:113:in `call'
  rack (1.6.4) lib/rack/sendfile.rb:113:in `call'
  railties (4.2.0.rc3) lib/rails/engine.rb:518:in `call'
  railties (4.2.0.rc3) lib/rails/application.rb:164:in `call'
  rack (1.6.4) lib/rack/lock.rb:17:in `call'
  rack (1.6.4) lib/rack/content_length.rb:15:in `call'
  rack (1.6.4) lib/rack/handler/webrick.rb:88:in `service'
  /Users/vzradha/.rvm/rubies/ruby-2.2.1/lib/ruby/2.2.0/webrick/httpserver.rb:138:in `service'
  /Users/vzradha/.rvm/rubies/ruby-2.2.1/lib/ruby/2.2.0/webrick/httpserver.rb:94:in `run'
  /Users/vzradha/.rvm/rubies/ruby-2.2.1/lib/ruby/2.2.0/webrick/server.rb:294:in `block in start_thread'


  Rendered /Users/vzradha/.rvm/gems/ruby-2.2.1/gems/actionpack-4.2.0.rc3/lib/action_dispatch/middleware/templates/rescues/_source.erb (1.7ms)
  Rendered /Users/vzradha/.rvm/gems/ruby-2.2.1/gems/actionpack-4.2.0.rc3/lib/action_dispatch/middleware/templates/rescues/_trace.html.erb (1.0ms)
  Rendered /Users/vzradha/.rvm/gems/ruby-2.2.1/gems/actionpack-4.2.0.rc3/lib/action_dispatch/middleware/templates/rescues/_request_and_response.html.erb (0.7ms)
  Rendered /Users/vzradha/.rvm/gems/ruby-2.2.1/gems/actionpack-4.2.0.rc3/lib/action_dispatch/middleware/templates/rescues/diagnostics.html.erb within rescues/layout (36.3ms)
  Rendered /Users/vzradha/.rvm/gems/ruby-2.2.1/gems/web-console-2.1.3/lib/web_console/templates/_markup.html.erb (0.3ms)
  Rendered /Users/vzradha/.rvm/gems/ruby-2.2.1/gems/web-console-2.1.3/lib/web_console/templates/style.css.erb within layouts/inlined_string (0.2ms)
  Rendered /Users/vzradha/.rvm/gems/ruby-2.2.1/gems/web-console-2.1.3/lib/web_console/templates/_inner_console_markup.html.erb within layouts/inlined_string (0.2ms)
  Rendered /Users/vzradha/.rvm/gems/ruby-2.2.1/gems/web-console-2.1.3/lib/web_console/templates/_prompt_box_markup.html.erb within layouts/inlined_string (0.2ms)
  Rendered /Users/vzradha/.rvm/gems/ruby-2.2.1/gems/web-console-2.1.3/lib/web_console/templates/console.js.erb within layouts/javascript (30.6ms)
  Rendered /Users/vzradha/.rvm/gems/ruby-2.2.1/gems/web-console-2.1.3/lib/web_console/templates/main.js.erb within layouts/javascript (0.3ms)
  Rendered /Users/vzradha/.rvm/gems/ruby-2.2.1/gems/web-console-2.1.3/lib/web_console/templates/error_page.js.erb within layouts/javascript (0.4ms)
  Rendered /Users/vzradha/.rvm/gems/ruby-2.2.1/gems/web-console-2.1.3/lib/web_console/templates/index.html.erb (69.8ms)
  [1m[36m (0.9ms)[0m  [1mCREATE TABLE "schema_migrations" ("version" varchar NOT NULL) [0m
  [1m[35m (0.0ms)[0m  select sqlite_version(*)
  [1m[36m (0.7ms)[0m  [1mCREATE UNIQUE INDEX "unique_schema_migrations" ON "schema_migrations" ("version")[0m
  [1m[35mActiveRecord::SchemaMigration Load (0.0ms)[0m  SELECT "schema_migrations".* FROM "schema_migrations"
Migrating to CreateUsers (20150712035229)
  [1m[36m (0.0ms)[0m  [1mbegin transaction[0m
  [1m[35m (0.3ms)[0m  CREATE TABLE "users" ("id" INTEGER PRIMARY KEY AUTOINCREMENT NOT NULL, "name" varchar, "email" varchar, "created_at" datetime NOT NULL, "updated_at" datetime NOT NULL) 
  [1m[36mSQL (0.1ms)[0m  [1mINSERT INTO "schema_migrations" ("version") VALUES (?)[0m  [["version", "20150712035229"]]
  [1m[35m (0.6ms)[0m  commit transaction
Migrating to AddIndexToUsersEmail (20150712205344)
  [1m[36m (0.1ms)[0m  [1mbegin transaction[0m
  [1m[35m (0.1ms)[0m  CREATE UNIQUE INDEX "index_users_on_email" ON "users" ("email")
  [1m[36mSQL (0.1ms)[0m  [1mINSERT INTO "schema_migrations" ("version") VALUES (?)[0m  [["version", "20150712205344"]]
  [1m[35m (0.5ms)[0m  commit transaction
Migrating to AddPasswordDigestToUserPassword (20150712210729)
  [1m[36m (0.0ms)[0m  [1mbegin transaction[0m
  [1m[35m (0.3ms)[0m  ALTER TABLE "users" ADD "password_digest" varchar
  [1m[36mSQL (0.1ms)[0m  [1mINSERT INTO "schema_migrations" ("version") VALUES (?)[0m  [["version", "20150712210729"]]
  [1m[35m (0.6ms)[0m  commit transaction
  [1m[36mActiveRecord::SchemaMigration Load (0.0ms)[0m  [1mSELECT "schema_migrations".* FROM "schema_migrations"[0m
  [1m[35m (0.1ms)[0m              SELECT sql
            FROM sqlite_master
            WHERE name='index_users_on_email' AND type='index'
            UNION ALL
            SELECT sql
            FROM sqlite_temp_master
            WHERE name='index_users_on_email' AND type='index'



Started GET "/" for ::1 at 2015-07-16 23:41:50 +1000
  [1m[36mActiveRecord::SchemaMigration Load (0.1ms)[0m  [1mSELECT "schema_migrations".* FROM "schema_migrations"[0m
Processing by StaticPagesController#home as HTML
  Rendered static_pages/home.html.erb within layouts/application (75.0ms)
  Rendered layouts/_shim.html.erb (0.3ms)
  Rendered layouts/_header.html.erb (0.4ms)
  Rendered layouts/_footer.html.erb (0.2ms)
Completed 200 OK in 2782ms (Views: 2768.6ms | ActiveRecord: 0.0ms)


Started GET "/assets/custom.self-4b7a8fd0a2506e0a227ef65acf851659ce48f66c7793ed9ec4f7caca0083e326.css?body=1" for ::1 at 2015-07-16 23:41:53 +1000


Started GET "/assets/users.self-e3b0c44298fc1c149afbf4c8996fb92427ae41e4649b934ca495991b7852b855.css?body=1" for ::1 at 2015-07-16 23:41:53 +1000


Started GET "/assets/users.self-877aef30ae1b040ab8a3aba4e3e309a11d7f2612f44dde450b5c157aa5f95c05.js?body=1" for ::1 at 2015-07-16 23:41:53 +1000


Started GET "/assets/rails-c094bc3a4bf50e5bb477109e5cb0d213af27ad75b481c4df249f50974dbeefe6.png" for ::1 at 2015-07-16 23:41:53 +1000


Started GET "/about" for ::1 at 2015-07-16 23:41:56 +1000
Processing by StaticPagesController#about as HTML
  Rendered static_pages/about.html.erb within layouts/application (0.3ms)
  Rendered layouts/_shim.html.erb (0.2ms)
  Rendered layouts/_header.html.erb (0.6ms)
  Rendered layouts/_footer.html.erb (0.5ms)
Completed 200 OK in 59ms (Views: 58.6ms | ActiveRecord: 0.0ms)


Started GET "/contact" for ::1 at 2015-07-16 23:41:59 +1000
Processing by StaticPagesController#contact as HTML
  Rendered static_pages/contact.html.erb within layouts/application (0.3ms)
  Rendered layouts/_shim.html.erb (0.0ms)
  Rendered layouts/_header.html.erb (0.2ms)
  Rendered layouts/_footer.html.erb (0.1ms)
Completed 200 OK in 50ms (Views: 49.4ms | ActiveRecord: 0.0ms)


Started GET "/" for ::1 at 2015-07-16 23:42:00 +1000
Processing by StaticPagesController#home as HTML
  Rendered static_pages/home.html.erb within layouts/application (1.9ms)
  Rendered layouts/_shim.html.erb (0.0ms)
  Rendered layouts/_header.html.erb (0.1ms)
  Rendered layouts/_footer.html.erb (0.1ms)
Completed 200 OK in 50ms (Views: 50.0ms | ActiveRecord: 0.0ms)


Started GET "/" for ::1 at 2015-07-16 23:42:04 +1000
Processing by StaticPagesController#home as HTML
  Rendered static_pages/home.html.erb within layouts/application (1.0ms)
  Rendered layouts/_shim.html.erb (0.0ms)
  Rendered layouts/_header.html.erb (0.2ms)
  Rendered layouts/_footer.html.erb (0.1ms)
Completed 200 OK in 45ms (Views: 44.4ms | ActiveRecord: 0.0ms)


Started GET "/" for ::1 at 2015-08-06 23:11:53 +1000
  [1m[36mActiveRecord::SchemaMigration Load (0.4ms)[0m  [1mSELECT "schema_migrations".* FROM "schema_migrations"[0m
Processing by StaticPagesController#home as HTML
  Rendered static_pages/home.html.erb within layouts/application (72.2ms)
  Rendered layouts/_shim.html.erb (0.3ms)
  Rendered layouts/_header.html.erb (0.7ms)
  Rendered layouts/_footer.html.erb (0.4ms)
Completed 200 OK in 219ms (Views: 212.8ms | ActiveRecord: 0.0ms)


Started GET "/assets/custom.self-4b7a8fd0a2506e0a227ef65acf851659ce48f66c7793ed9ec4f7caca0083e326.css?body=1" for ::1 at 2015-08-06 23:11:53 +1000


Started GET "/assets/users.self-e3b0c44298fc1c149afbf4c8996fb92427ae41e4649b934ca495991b7852b855.css?body=1" for ::1 at 2015-08-06 23:11:53 +1000


Started GET "/assets/application.self-e80e8f2318043e8af94dddc2adad5a4f09739a8ebb323b3ab31cd71d45fd9113.css?body=1" for ::1 at 2015-08-06 23:11:53 +1000


Started GET "/assets/static_pages.self-e3b0c44298fc1c149afbf4c8996fb92427ae41e4649b934ca495991b7852b855.css?body=1" for ::1 at 2015-08-06 23:11:53 +1000


Started GET "/assets/jquery.self-4c7649dd655c61cb850cfd2e71f937c3bbf3e3a752a3499ed8bb9884473fe1dd.js?body=1" for ::1 at 2015-08-06 23:11:53 +1000


Started GET "/assets/jquery_ujs.self-7551f3212860c6b103730601ff759a4eb7ae7f3469774a48f52d51ba5fd0a0b3.js?body=1" for ::1 at 2015-08-06 23:11:53 +1000


Started GET "/assets/turbolinks.self-c37727e9bd6b2735da5c311aa83fead54ed0be6cc8bd9a65309e9c5abe2cbfff.js?body=1" for ::1 at 2015-08-06 23:11:53 +1000


Started GET "/assets/static_pages.self-877aef30ae1b040ab8a3aba4e3e309a11d7f2612f44dde450b5c157aa5f95c05.js?body=1" for ::1 at 2015-08-06 23:11:53 +1000


Started GET "/assets/users.self-877aef30ae1b040ab8a3aba4e3e309a11d7f2612f44dde450b5c157aa5f95c05.js?body=1" for ::1 at 2015-08-06 23:11:53 +1000


Started GET "/assets/application.self-3a3c8b61bda630ee689740ce7cbd0dd8ea6fdd45e2c42eef4661ab38cf268afe.js?body=1" for ::1 at 2015-08-06 23:11:53 +1000


Started GET "/assets/rails-c094bc3a4bf50e5bb477109e5cb0d213af27ad75b481c4df249f50974dbeefe6.png" for ::1 at 2015-08-06 23:11:53 +1000


Started GET "/" for ::1 at 2015-08-06 23:12:02 +1000
Processing by StaticPagesController#home as HTML
  Rendered static_pages/home.html.erb within layouts/application (2.7ms)
  Rendered layouts/_shim.html.erb (0.6ms)
  Rendered layouts/_header.html.erb (0.8ms)
  Rendered layouts/_footer.html.erb (0.7ms)
Completed 200 OK in 64ms (Views: 64.1ms | ActiveRecord: 0.0ms)


Started GET "/signup" for ::1 at 2015-08-06 23:12:03 +1000
Processing by UsersController#new as HTML
  Rendered users/new.html.erb within layouts/application (0.2ms)
  Rendered layouts/_shim.html.erb (0.0ms)
  Rendered layouts/_header.html.erb (0.2ms)
  Rendered layouts/_footer.html.erb (0.1ms)
Completed 200 OK in 45ms (Views: 44.2ms | ActiveRecord: 0.0ms)


Started GET "/" for ::1 at 2015-08-08 12:21:09 +1000
  [1m[36mActiveRecord::SchemaMigration Load (0.4ms)[0m  [1mSELECT "schema_migrations".* FROM "schema_migrations"[0m

ActiveRecord::PendingMigrationError (

Migrations are pending. To resolve this issue, run:

	bin/rake db:migrate RAILS_ENV=development

):
  activerecord (4.2.0.rc3) lib/active_record/migration.rb:393:in `check_pending!'
  activerecord (4.2.0.rc3) lib/active_record/migration.rb:374:in `call'
  actionpack (4.2.0.rc3) lib/action_dispatch/middleware/callbacks.rb:29:in `block in call'
  activesupport (4.2.0.rc3) lib/active_support/callbacks.rb:88:in `call'
  activesupport (4.2.0.rc3) lib/active_support/callbacks.rb:88:in `_run_callbacks'
  activesupport (4.2.0.rc3) lib/active_support/callbacks.rb:734:in `_run_call_callbacks'
  activesupport (4.2.0.rc3) lib/active_support/callbacks.rb:81:in `run_callbacks'
  actionpack (4.2.0.rc3) lib/action_dispatch/middleware/callbacks.rb:27:in `call'
  actionpack (4.2.0.rc3) lib/action_dispatch/middleware/reloader.rb:73:in `call'
  actionpack (4.2.0.rc3) lib/action_dispatch/middleware/remote_ip.rb:78:in `call'
  actionpack (4.2.0.rc3) lib/action_dispatch/middleware/debug_exceptions.rb:17:in `call'
  web-console (2.1.3) lib/web_console/middleware.rb:37:in `call'
  actionpack (4.2.0.rc3) lib/action_dispatch/middleware/show_exceptions.rb:30:in `call'
  railties (4.2.0.rc3) lib/rails/rack/logger.rb:38:in `call_app'
  railties (4.2.0.rc3) lib/rails/rack/logger.rb:20:in `block in call'
  activesupport (4.2.0.rc3) lib/active_support/tagged_logging.rb:68:in `block in tagged'
  activesupport (4.2.0.rc3) lib/active_support/tagged_logging.rb:26:in `tagged'
  activesupport (4.2.0.rc3) lib/active_support/tagged_logging.rb:68:in `tagged'
  railties (4.2.0.rc3) lib/rails/rack/logger.rb:20:in `call'
  actionpack (4.2.0.rc3) lib/action_dispatch/middleware/request_id.rb:21:in `call'
  rack (1.6.4) lib/rack/methodoverride.rb:22:in `call'
  rack (1.6.4) lib/rack/runtime.rb:18:in `call'
  activesupport (4.2.0.rc3) lib/active_support/cache/strategy/local_cache_middleware.rb:28:in `call'
  rack (1.6.4) lib/rack/lock.rb:17:in `call'
  actionpack (4.2.0.rc3) lib/action_dispatch/middleware/static.rb:113:in `call'
  rack (1.6.4) lib/rack/sendfile.rb:113:in `call'
  railties (4.2.0.rc3) lib/rails/engine.rb:518:in `call'
  railties (4.2.0.rc3) lib/rails/application.rb:164:in `call'
  rack (1.6.4) lib/rack/lock.rb:17:in `call'
  rack (1.6.4) lib/rack/content_length.rb:15:in `call'
  rack (1.6.4) lib/rack/handler/webrick.rb:88:in `service'
  /Users/vzradha/.rvm/rubies/ruby-2.2.1/lib/ruby/2.2.0/webrick/httpserver.rb:138:in `service'
  /Users/vzradha/.rvm/rubies/ruby-2.2.1/lib/ruby/2.2.0/webrick/httpserver.rb:94:in `run'
  /Users/vzradha/.rvm/rubies/ruby-2.2.1/lib/ruby/2.2.0/webrick/server.rb:294:in `block in start_thread'


  Rendered /Users/vzradha/.rvm/gems/ruby-2.2.1/gems/actionpack-4.2.0.rc3/lib/action_dispatch/middleware/templates/rescues/_source.erb (1.7ms)
  Rendered /Users/vzradha/.rvm/gems/ruby-2.2.1/gems/actionpack-4.2.0.rc3/lib/action_dispatch/middleware/templates/rescues/_trace.html.erb (1.0ms)
  Rendered /Users/vzradha/.rvm/gems/ruby-2.2.1/gems/actionpack-4.2.0.rc3/lib/action_dispatch/middleware/templates/rescues/_request_and_response.html.erb (0.6ms)
  Rendered /Users/vzradha/.rvm/gems/ruby-2.2.1/gems/actionpack-4.2.0.rc3/lib/action_dispatch/middleware/templates/rescues/diagnostics.html.erb within rescues/layout (34.8ms)
  Rendered /Users/vzradha/.rvm/gems/ruby-2.2.1/gems/web-console-2.1.3/lib/web_console/templates/_markup.html.erb (0.3ms)
  Rendered /Users/vzradha/.rvm/gems/ruby-2.2.1/gems/web-console-2.1.3/lib/web_console/templates/style.css.erb within layouts/inlined_string (3.2ms)
  Rendered /Users/vzradha/.rvm/gems/ruby-2.2.1/gems/web-console-2.1.3/lib/web_console/templates/_inner_console_markup.html.erb within layouts/inlined_string (0.2ms)
  Rendered /Users/vzradha/.rvm/gems/ruby-2.2.1/gems/web-console-2.1.3/lib/web_console/templates/_prompt_box_markup.html.erb within layouts/inlined_string (0.3ms)
  Rendered /Users/vzradha/.rvm/gems/ruby-2.2.1/gems/web-console-2.1.3/lib/web_console/templates/console.js.erb within layouts/javascript (32.6ms)
  Rendered /Users/vzradha/.rvm/gems/ruby-2.2.1/gems/web-console-2.1.3/lib/web_console/templates/main.js.erb within layouts/javascript (0.2ms)
  Rendered /Users/vzradha/.rvm/gems/ruby-2.2.1/gems/web-console-2.1.3/lib/web_console/templates/error_page.js.erb within layouts/javascript (0.2ms)
  Rendered /Users/vzradha/.rvm/gems/ruby-2.2.1/gems/web-console-2.1.3/lib/web_console/templates/index.html.erb (71.2ms)
  [1m[36mActiveRecord::SchemaMigration Load (0.1ms)[0m  [1mSELECT "schema_migrations".* FROM "schema_migrations"[0m
Migrating to AddRememberDigestToUsers (20150804033821)
  [1m[35m (0.1ms)[0m  begin transaction
  [1m[36m (0.3ms)[0m  [1mALTER TABLE "users" ADD "remember_digest" varchar[0m
  [1m[35mSQL (0.2ms)[0m  INSERT INTO "schema_migrations" ("version") VALUES (?)  [["version", "20150804033821"]]
  [1m[36m (0.6ms)[0m  [1mcommit transaction[0m
  [1m[35mActiveRecord::SchemaMigration Load (0.1ms)[0m  SELECT "schema_migrations".* FROM "schema_migrations"
  [1m[36m (0.1ms)[0m  [1m            SELECT sql
            FROM sqlite_master
            WHERE name='index_users_on_email' AND type='index'
            UNION ALL
            SELECT sql
            FROM sqlite_temp_master
            WHERE name='index_users_on_email' AND type='index'
[0m


Started GET "/" for ::1 at 2015-08-08 12:22:21 +1000
  [1m[36mActiveRecord::SchemaMigration Load (0.1ms)[0m  [1mSELECT "schema_migrations".* FROM "schema_migrations"[0m
Processing by StaticPagesController#home as HTML
  Rendered static_pages/home.html.erb within layouts/application (71.1ms)
  Rendered layouts/_shim.html.erb (0.2ms)
  Rendered layouts/_header.html.erb (2.5ms)
  Rendered layouts/_footer.html.erb (0.4ms)
Completed 200 OK in 1305ms (Views: 1299.3ms | ActiveRecord: 0.0ms)


Started GET "/assets/custom.self-00646f6e16b8ae3d8219f8d858a9cc2b51ba6778425b674e3f52a3182306eba8.css?body=1" for ::1 at 2015-08-08 12:22:22 +1000


Started GET "/assets/sessions.self-e3b0c44298fc1c149afbf4c8996fb92427ae41e4649b934ca495991b7852b855.css?body=1" for ::1 at 2015-08-08 12:22:22 +1000


Started GET "/assets/bootstrap.self-cdea7efeac1597b89ddd6fd86b0e8e0bec5d5fb1fac9c6e8a045f2c59eef2d13.js?body=1" for ::1 at 2015-08-08 12:22:22 +1000


Started GET "/assets/sessions.self-877aef30ae1b040ab8a3aba4e3e309a11d7f2612f44dde450b5c157aa5f95c05.js?body=1" for ::1 at 2015-08-08 12:22:22 +1000


Started GET "/assets/application.self-f98a0dd27ad1c55b2b9cfe97296d4887e5d4a4535b3bbbf9130c1050771738b2.js?body=1" for ::1 at 2015-08-08 12:22:22 +1000


Started GET "/login" for ::1 at 2015-08-08 12:23:09 +1000
Processing by SessionsController#new as HTML
  Rendered sessions/new.html.erb within layouts/application (23.4ms)
  Rendered layouts/_shim.html.erb (0.3ms)
  Rendered layouts/_header.html.erb (0.9ms)
  Rendered layouts/_footer.html.erb (0.2ms)
Completed 200 OK in 70ms (Views: 69.6ms | ActiveRecord: 0.0ms)


Started GET "/help" for ::1 at 2015-08-08 12:23:12 +1000
Processing by StaticPagesController#help as HTML
  Rendered static_pages/help.html.erb within layouts/application (0.3ms)
  Rendered layouts/_shim.html.erb (0.0ms)
  Rendered layouts/_header.html.erb (0.2ms)
  Rendered layouts/_footer.html.erb (0.1ms)
Completed 200 OK in 50ms (Views: 50.0ms | ActiveRecord: 0.0ms)


Started GET "/" for ::1 at 2015-08-08 12:23:14 +1000
Processing by StaticPagesController#home as HTML
  Rendered static_pages/home.html.erb within layouts/application (1.3ms)
  Rendered layouts/_shim.html.erb (0.0ms)
  Rendered layouts/_header.html.erb (0.2ms)
  Rendered layouts/_footer.html.erb (0.1ms)
Completed 200 OK in 43ms (Views: 43.2ms | ActiveRecord: 0.0ms)


Started GET "/login" for ::1 at 2015-08-08 12:23:16 +1000
Processing by SessionsController#new as HTML
  Rendered sessions/new.html.erb within layouts/application (0.7ms)
  Rendered layouts/_shim.html.erb (0.0ms)
  Rendered layouts/_header.html.erb (0.2ms)
  Rendered layouts/_footer.html.erb (0.1ms)
Completed 200 OK in 48ms (Views: 47.5ms | ActiveRecord: 0.0ms)


Started POST "/login" for ::1 at 2015-08-08 12:23:27 +1000
Processing by SessionsController#create as HTML
  Parameters: {"utf8"=>"✓", "authenticity_token"=>"k3T0uTC4wWeXx047eg2BRYH0xeO76Qd8Rp7wR+yFQe9+vB4pcB14cRknPHhp9w/DOBcOs1SbU18WonVC0oDFzA==", "session"=>{"email"=>"popcorn@corn.com", "password"=>"[FILTERED]", "remember_me"=>"0"}, "commit"=>"Log In"}
  [1m[35mUser Load (0.1ms)[0m  SELECT  "users".* FROM "users" WHERE "users"."email" = ? LIMIT 1  [["email", "popcorn@corn.com"]]
  Rendered sessions/new.html.erb within layouts/application (4.4ms)
  Rendered layouts/_shim.html.erb (0.0ms)
  Rendered layouts/_header.html.erb (0.3ms)
  Rendered layouts/_footer.html.erb (0.1ms)
Completed 200 OK in 61ms (Views: 50.8ms | ActiveRecord: 0.2ms)


Started GET "/" for ::1 at 2015-08-08 17:45:34 +1000
  [1m[36mActiveRecord::SchemaMigration Load (0.4ms)[0m  [1mSELECT "schema_migrations".* FROM "schema_migrations"[0m
Processing by StaticPagesController#home as HTML
  Rendered static_pages/home.html.erb within layouts/application (74.3ms)
  Rendered layouts/_shim.html.erb (0.3ms)
  Rendered layouts/_header.html.erb (3.7ms)
  Rendered layouts/_footer.html.erb (0.4ms)
Completed 200 OK in 226ms (Views: 220.0ms | ActiveRecord: 0.0ms)


Started GET "/about" for ::1 at 2015-08-08 19:39:09 +1000
Processing by StaticPagesController#about as HTML
  Rendered static_pages/about.html.erb within layouts/application (0.3ms)
  Rendered layouts/_shim.html.erb (0.3ms)
  Rendered layouts/_header.html.erb (0.7ms)
  Rendered layouts/_footer.html.erb (0.3ms)
Completed 200 OK in 74ms (Views: 73.2ms | ActiveRecord: 0.0ms)


Started GET "/contact" for ::1 at 2015-08-08 19:39:11 +1000
Processing by StaticPagesController#contact as HTML
  Rendered static_pages/contact.html.erb within layouts/application (0.4ms)
  Rendered layouts/_shim.html.erb (0.0ms)
  Rendered layouts/_header.html.erb (0.3ms)
  Rendered layouts/_footer.html.erb (0.1ms)
Completed 200 OK in 50ms (Views: 49.4ms | ActiveRecord: 0.0ms)


Started GET "/" for ::1 at 2015-08-09 12:50:40 +1000
  [1m[36mActiveRecord::SchemaMigration Load (0.4ms)[0m  [1mSELECT "schema_migrations".* FROM "schema_migrations"[0m
Processing by StaticPagesController#home as HTML
  Rendered static_pages/home.html.erb within layouts/application (77.5ms)
  Rendered layouts/_shim.html.erb (0.3ms)
  Rendered layouts/_header.html.erb (2.8ms)
  Rendered layouts/_footer.html.erb (0.3ms)
Completed 200 OK in 1237ms (Views: 1231.1ms | ActiveRecord: 0.0ms)


Started GET "/user/4/edit" for ::1 at 2015-08-09 14:06:43 +1000

ActionController::RoutingError (No route matches [GET] "/user/4/edit"):
  actionpack (4.2.0.rc3) lib/action_dispatch/middleware/debug_exceptions.rb:21:in `call'
  web-console (2.1.3) lib/web_console/middleware.rb:37:in `call'
  actionpack (4.2.0.rc3) lib/action_dispatch/middleware/show_exceptions.rb:30:in `call'
  railties (4.2.0.rc3) lib/rails/rack/logger.rb:38:in `call_app'
  railties (4.2.0.rc3) lib/rails/rack/logger.rb:20:in `block in call'
  activesupport (4.2.0.rc3) lib/active_support/tagged_logging.rb:68:in `block in tagged'
  activesupport (4.2.0.rc3) lib/active_support/tagged_logging.rb:26:in `tagged'
  activesupport (4.2.0.rc3) lib/active_support/tagged_logging.rb:68:in `tagged'
  railties (4.2.0.rc3) lib/rails/rack/logger.rb:20:in `call'
  actionpack (4.2.0.rc3) lib/action_dispatch/middleware/request_id.rb:21:in `call'
  rack (1.6.4) lib/rack/methodoverride.rb:22:in `call'
  rack (1.6.4) lib/rack/runtime.rb:18:in `call'
  activesupport (4.2.0.rc3) lib/active_support/cache/strategy/local_cache_middleware.rb:28:in `call'
  rack (1.6.4) lib/rack/lock.rb:17:in `call'
  actionpack (4.2.0.rc3) lib/action_dispatch/middleware/static.rb:113:in `call'
  rack (1.6.4) lib/rack/sendfile.rb:113:in `call'
  railties (4.2.0.rc3) lib/rails/engine.rb:518:in `call'
  railties (4.2.0.rc3) lib/rails/application.rb:164:in `call'
  rack (1.6.4) lib/rack/lock.rb:17:in `call'
  rack (1.6.4) lib/rack/content_length.rb:15:in `call'
  rack (1.6.4) lib/rack/handler/webrick.rb:88:in `service'
  /Users/vzradha/.rvm/rubies/ruby-2.2.1/lib/ruby/2.2.0/webrick/httpserver.rb:138:in `service'
  /Users/vzradha/.rvm/rubies/ruby-2.2.1/lib/ruby/2.2.0/webrick/httpserver.rb:94:in `run'
  /Users/vzradha/.rvm/rubies/ruby-2.2.1/lib/ruby/2.2.0/webrick/server.rb:294:in `block in start_thread'


  Rendered /Users/vzradha/.rvm/gems/ruby-2.2.1/gems/actionpack-4.2.0.rc3/lib/action_dispatch/middleware/templates/rescues/_trace.html.erb (1.0ms)
  Rendered /Users/vzradha/.rvm/gems/ruby-2.2.1/gems/actionpack-4.2.0.rc3/lib/action_dispatch/middleware/templates/routes/_route.html.erb (0.9ms)
  Rendered /Users/vzradha/.rvm/gems/ruby-2.2.1/gems/actionpack-4.2.0.rc3/lib/action_dispatch/middleware/templates/routes/_table.html.erb (8.7ms)
  Rendered /Users/vzradha/.rvm/gems/ruby-2.2.1/gems/actionpack-4.2.0.rc3/lib/action_dispatch/middleware/templates/rescues/_request_and_response.html.erb (1.0ms)
  Rendered /Users/vzradha/.rvm/gems/ruby-2.2.1/gems/actionpack-4.2.0.rc3/lib/action_dispatch/middleware/templates/rescues/routing_error.html.erb within rescues/layout (53.9ms)
  Rendered /Users/vzradha/.rvm/gems/ruby-2.2.1/gems/web-console-2.1.3/lib/web_console/templates/_markup.html.erb (0.2ms)
  Rendered /Users/vzradha/.rvm/gems/ruby-2.2.1/gems/web-console-2.1.3/lib/web_console/templates/style.css.erb within layouts/inlined_string (0.3ms)
  Rendered /Users/vzradha/.rvm/gems/ruby-2.2.1/gems/web-console-2.1.3/lib/web_console/templates/_inner_console_markup.html.erb within layouts/inlined_string (0.1ms)
  Rendered /Users/vzradha/.rvm/gems/ruby-2.2.1/gems/web-console-2.1.3/lib/web_console/templates/_prompt_box_markup.html.erb within layouts/inlined_string (0.2ms)
  Rendered /Users/vzradha/.rvm/gems/ruby-2.2.1/gems/web-console-2.1.3/lib/web_console/templates/console.js.erb within layouts/javascript (31.6ms)
  Rendered /Users/vzradha/.rvm/gems/ruby-2.2.1/gems/web-console-2.1.3/lib/web_console/templates/main.js.erb within layouts/javascript (0.2ms)
  Rendered /Users/vzradha/.rvm/gems/ruby-2.2.1/gems/web-console-2.1.3/lib/web_console/templates/error_page.js.erb within layouts/javascript (0.3ms)
  Rendered /Users/vzradha/.rvm/gems/ruby-2.2.1/gems/web-console-2.1.3/lib/web_console/templates/index.html.erb (66.3ms)


Started GET "/users/4/edit" for ::1 at 2015-08-09 14:06:49 +1000
Processing by UsersController#edit as HTML
  Parameters: {"id"=>"4"}
  [1m[35mUser Load (0.1ms)[0m  SELECT  "users".* FROM "users" WHERE "users"."id" = ? LIMIT 1  [["id", 4]]
Completed 404 Not Found in 12ms

ActiveRecord::RecordNotFound (Couldn't find User with 'id'=4):
  app/controllers/users_controller.rb:23:in `edit'


  Rendered /Users/vzradha/.rvm/gems/ruby-2.2.1/gems/actionpack-4.2.0.rc3/lib/action_dispatch/middleware/templates/rescues/_source.erb (3.4ms)
  Rendered /Users/vzradha/.rvm/gems/ruby-2.2.1/gems/actionpack-4.2.0.rc3/lib/action_dispatch/middleware/templates/rescues/_trace.html.erb (1.8ms)
  Rendered /Users/vzradha/.rvm/gems/ruby-2.2.1/gems/actionpack-4.2.0.rc3/lib/action_dispatch/middleware/templates/rescues/_request_and_response.html.erb (0.7ms)
  Rendered /Users/vzradha/.rvm/gems/ruby-2.2.1/gems/actionpack-4.2.0.rc3/lib/action_dispatch/middleware/templates/rescues/diagnostics.html.erb within rescues/layout (33.3ms)
  Rendered /Users/vzradha/.rvm/gems/ruby-2.2.1/gems/web-console-2.1.3/lib/web_console/templates/_markup.html.erb (0.2ms)
  Rendered /Users/vzradha/.rvm/gems/ruby-2.2.1/gems/web-console-2.1.3/lib/web_console/templates/style.css.erb within layouts/inlined_string (0.2ms)
  Rendered /Users/vzradha/.rvm/gems/ruby-2.2.1/gems/web-console-2.1.3/lib/web_console/templates/_inner_console_markup.html.erb within layouts/inlined_string (0.2ms)
  Rendered /Users/vzradha/.rvm/gems/ruby-2.2.1/gems/web-console-2.1.3/lib/web_console/templates/_prompt_box_markup.html.erb within layouts/inlined_string (0.1ms)
  Rendered /Users/vzradha/.rvm/gems/ruby-2.2.1/gems/web-console-2.1.3/lib/web_console/templates/console.js.erb within layouts/javascript (25.3ms)
  Rendered /Users/vzradha/.rvm/gems/ruby-2.2.1/gems/web-console-2.1.3/lib/web_console/templates/main.js.erb within layouts/javascript (0.1ms)
  Rendered /Users/vzradha/.rvm/gems/ruby-2.2.1/gems/web-console-2.1.3/lib/web_console/templates/error_page.js.erb within layouts/javascript (0.3ms)
  Rendered /Users/vzradha/.rvm/gems/ruby-2.2.1/gems/web-console-2.1.3/lib/web_console/templates/index.html.erb (55.8ms)


Started GET "/signup" for ::1 at 2015-08-09 14:07:08 +1000
Processing by UsersController#new as HTML
  Rendered shared/_error_messages.html.erb (9.6ms)
  Rendered users/new.html.erb within layouts/application (19.7ms)
  Rendered layouts/_shim.html.erb (0.2ms)
  Rendered layouts/_header.html.erb (0.6ms)
  Rendered layouts/_footer.html.erb (0.2ms)
Completed 200 OK in 70ms (Views: 66.2ms | ActiveRecord: 0.0ms)


Started POST "/users" for ::1 at 2015-08-09 14:07:33 +1000
Processing by UsersController#create as HTML
  Parameters: {"utf8"=>"✓", "authenticity_token"=>"H1Rq3LUDuUzqdBO06F9rXrYLfrWh1FBJcYvAVHlspqDynIBM9aYAWmSUYff7peXYD+i15U6mBGoht0VRR2kigw==", "user"=>{"name"=>"popcorn pop", "email"=>"popcorn@corn.com", "password"=>"[FILTERED]", "password_confirmation"=>"[FILTERED]"}, "commit"=>"Create my account"}
  [1m[36m (0.1ms)[0m  [1mbegin transaction[0m
  [1m[35mUser Exists (0.1ms)[0m  SELECT  1 AS one FROM "users" WHERE LOWER("users"."email") = LOWER('popcorn@corn.com') LIMIT 1
  [1m[36mSQL (0.4ms)[0m  [1mINSERT INTO "users" ("name", "email", "password_digest", "created_at", "updated_at") VALUES (?, ?, ?, ?, ?)[0m  [["name", "popcorn pop"], ["email", "popcorn@corn.com"], ["password_digest", "$2a$10$p.D//mwjzA87BEbKUiMMOuLQvJIi/vyAiZUJCzCMuFVLb.l7Ga5Su"], ["created_at", "2015-08-09 04:07:33.883776"], ["updated_at", "2015-08-09 04:07:33.883776"]]
  [1m[35m (0.6ms)[0m  commit transaction
Redirected to http://localhost:3000/users/1
Completed 302 Found in 66ms (ActiveRecord: 1.2ms)


Started GET "/users/1" for ::1 at 2015-08-09 14:07:33 +1000
Processing by UsersController#show as HTML
  Parameters: {"id"=>"1"}
  [1m[36mUser Load (0.1ms)[0m  [1mSELECT  "users".* FROM "users" WHERE "users"."id" = ? LIMIT 1[0m  [["id", 1]]
  Rendered users/show.html.erb within layouts/application (0.4ms)
  Rendered layouts/_shim.html.erb (0.0ms)
  [1m[35mUser Load (0.1ms)[0m  SELECT  "users".* FROM "users" WHERE "users"."id" = ? LIMIT 1  [["id", 1]]
  Rendered layouts/_header.html.erb (0.9ms)
  Rendered layouts/_footer.html.erb (0.1ms)
Completed 200 OK in 52ms (Views: 51.2ms | ActiveRecord: 0.1ms)


Started DELETE "/logout" for ::1 at 2015-08-09 14:07:41 +1000
Processing by SessionsController#destroy as HTML
  Parameters: {"authenticity_token"=>"a9GgDX1DrwY8PReRuQjEHcdsEGx36gI2lEAZMxbEfu+GGUqdPeYWELLdZdKq8kqbfo/bPJiYVhXEfJw2KMH6zA=="}
  [1m[36mUser Load (0.1ms)[0m  [1mSELECT  "users".* FROM "users" WHERE "users"."id" = ? LIMIT 1[0m  [["id", 1]]
  [1m[35m (0.0ms)[0m  begin transaction
  [1m[36m (0.0ms)[0m  [1mcommit transaction[0m
Redirected to http://localhost:3000/
Completed 302 Found in 2ms (ActiveRecord: 0.1ms)


Started GET "/" for ::1 at 2015-08-09 14:07:41 +1000
Processing by StaticPagesController#home as HTML
  Rendered static_pages/home.html.erb within layouts/application (1.1ms)
  Rendered layouts/_shim.html.erb (0.0ms)
  Rendered layouts/_header.html.erb (0.2ms)
  Rendered layouts/_footer.html.erb (0.1ms)
Completed 200 OK in 43ms (Views: 42.8ms | ActiveRecord: 0.0ms)


Started GET "/users/1/edit" for ::1 at 2015-08-09 14:08:31 +1000
Processing by UsersController#edit as HTML
  Parameters: {"id"=>"1"}
  [1m[35mUser Load (0.1ms)[0m  SELECT  "users".* FROM "users" WHERE "users"."id" = ? LIMIT 1  [["id", 1]]
  Rendered shared/_error_messages.html.erb (0.3ms)
  Rendered users/edit.html.erb within layouts/application (2.8ms)
  Rendered layouts/_shim.html.erb (0.0ms)
  Rendered layouts/_header.html.erb (0.2ms)
  Rendered layouts/_footer.html.erb (0.1ms)
Completed 200 OK in 48ms (Views: 47.2ms | ActiveRecord: 0.1ms)
  [1m[36mUser Load (0.2ms)[0m  [1mSELECT  "users".* FROM "users"  ORDER BY "users"."id" ASC LIMIT 1[0m


Started GET "/" for ::1 at 2015-08-09 16:37:47 +1000
Processing by StaticPagesController#home as HTML
  Rendered static_pages/home.html.erb within layouts/application (1.8ms)
  Rendered layouts/_shim.html.erb (0.0ms)
  Rendered layouts/_header.html.erb (0.6ms)
  Rendered layouts/_footer.html.erb (0.1ms)
Completed 200 OK in 56ms (Views: 55.3ms | ActiveRecord: 0.0ms)


Started GET "/login" for ::1 at 2015-08-09 16:37:50 +1000
Processing by SessionsController#new as HTML
  Rendered sessions/new.html.erb within layouts/application (11.4ms)
  Rendered layouts/_shim.html.erb (0.0ms)
  Rendered layouts/_header.html.erb (0.6ms)
  Rendered layouts/_footer.html.erb (0.1ms)
Completed 200 OK in 54ms (Views: 53.2ms | ActiveRecord: 0.0ms)


Started POST "/login" for ::1 at 2015-08-09 16:37:57 +1000
Processing by SessionsController#create as HTML
  Parameters: {"utf8"=>"✓", "authenticity_token"=>"4jzcWZWnyW6lV1v5TBMkrxLhV9MdwI9la0Rv9GvGz1sP9DbJ1QJweCu3Kbpf6aopqwKcg/Ky20Y7eOrxVcNLeA==", "session"=>{"email"=>"popcorn@corn.com", "password"=>"[FILTERED]", "remember_me"=>"0"}, "commit"=>"Log In"}
  [1m[36mUser Load (0.1ms)[0m  [1mSELECT  "users".* FROM "users" WHERE "users"."email" = ? LIMIT 1[0m  [["email", "popcorn@corn.com"]]
  [1m[35m (0.1ms)[0m  begin transaction
  [1m[36m (0.0ms)[0m  [1mcommit transaction[0m
Redirected to http://localhost:3000/users/1
Completed 302 Found in 53ms (ActiveRecord: 0.2ms)


Started GET "/users/1" for ::1 at 2015-08-09 16:37:57 +1000
Processing by UsersController#show as HTML
  Parameters: {"id"=>"1"}
  [1m[35mUser Load (0.1ms)[0m  SELECT  "users".* FROM "users" WHERE "users"."id" = ? LIMIT 1  [["id", 1]]
  Rendered users/show.html.erb within layouts/application (0.1ms)
  Rendered layouts/_shim.html.erb (0.0ms)
  [1m[36mUser Load (0.1ms)[0m  [1mSELECT  "users".* FROM "users" WHERE "users"."id" = ? LIMIT 1[0m  [["id", 1]]
  Rendered layouts/_header.html.erb (0.7ms)
  Rendered layouts/_footer.html.erb (0.1ms)
Completed 200 OK in 41ms (Views: 40.0ms | ActiveRecord: 0.1ms)


Started GET "/users/1/edit" for ::1 at 2015-08-09 16:38:05 +1000
Processing by UsersController#edit as HTML
  Parameters: {"id"=>"1"}
  [1m[35mUser Load (0.1ms)[0m  SELECT  "users".* FROM "users" WHERE "users"."id" = ? LIMIT 1  [["id", 1]]
  Rendered shared/_error_messages.html.erb (0.1ms)
  Rendered users/edit.html.erb within layouts/application (10.4ms)
  Rendered layouts/_shim.html.erb (0.0ms)
  [1m[36mUser Load (0.1ms)[0m  [1mSELECT  "users".* FROM "users" WHERE "users"."id" = ? LIMIT 1[0m  [["id", 1]]
  Rendered layouts/_header.html.erb (0.6ms)
  Rendered layouts/_footer.html.erb (0.1ms)
Completed 200 OK in 48ms (Views: 47.4ms | ActiveRecord: 0.1ms)


Started DELETE "/logout" for ::1 at 2015-08-09 16:38:53 +1000
Processing by SessionsController#destroy as HTML
  Parameters: {"authenticity_token"=>"DALiV+iTsNL6DQlDIDw8hUvxi0KlY6odkyxZ70XBBFXhygjHqDYJxHTtewAzxrID8hJAEkoR/j7DENzqe8SAdg=="}
  [1m[35mUser Load (0.1ms)[0m  SELECT  "users".* FROM "users" WHERE "users"."id" = ? LIMIT 1  [["id", 1]]
  [1m[36m (0.0ms)[0m  [1mbegin transaction[0m
  [1m[35m (0.0ms)[0m  commit transaction
Redirected to http://localhost:3000/
Completed 302 Found in 2ms (ActiveRecord: 0.1ms)


Started GET "/" for ::1 at 2015-08-09 16:38:53 +1000
Processing by StaticPagesController#home as HTML
  Rendered static_pages/home.html.erb within layouts/application (0.9ms)
  Rendered layouts/_shim.html.erb (0.0ms)
  Rendered layouts/_header.html.erb (0.2ms)
  Rendered layouts/_footer.html.erb (0.1ms)
Completed 200 OK in 36ms (Views: 36.0ms | ActiveRecord: 0.0ms)


Started GET "/login" for ::1 at 2015-08-09 16:49:06 +1000
Processing by SessionsController#new as HTML
  Rendered sessions/new.html.erb within layouts/application (0.9ms)
  Rendered layouts/_shim.html.erb (0.1ms)
  Rendered layouts/_header.html.erb (0.2ms)
  Rendered layouts/_footer.html.erb (0.1ms)
Completed 200 OK in 38ms (Views: 38.1ms | ActiveRecord: 0.0ms)


Started POST "/login" for ::1 at 2015-08-09 16:49:12 +1000
Processing by SessionsController#create as HTML
  Parameters: {"utf8"=>"✓", "authenticity_token"=>"jNKWapXt6ywbPk04jzv2ADRQxSDCg8gXgjdlj93VmqdhGnz61UhSOpXeP3ucwXiGjbMOcC3xnDTSC+CK49AehA==", "session"=>{"email"=>"popcorn@corn.com", "password"=>"[FILTERED]", "remember_me"=>"0"}, "commit"=>"Log In"}
  [1m[36mUser Load (0.1ms)[0m  [1mSELECT  "users".* FROM "users" WHERE "users"."email" = ? LIMIT 1[0m  [["email", "popcorn@corn.com"]]
  [1m[35m (0.1ms)[0m  begin transaction
  [1m[36m (0.0ms)[0m  [1mcommit transaction[0m
Redirected to http://localhost:3000/users/1
Completed 302 Found in 56ms (ActiveRecord: 0.6ms)


Started GET "/users/1" for ::1 at 2015-08-09 16:49:12 +1000
Processing by UsersController#show as HTML
  Parameters: {"id"=>"1"}
  [1m[35mUser Load (0.1ms)[0m  SELECT  "users".* FROM "users" WHERE "users"."id" = ? LIMIT 1  [["id", 1]]
  Rendered users/show.html.erb within layouts/application (0.1ms)
  Rendered layouts/_shim.html.erb (0.0ms)
  [1m[36mUser Load (0.1ms)[0m  [1mSELECT  "users".* FROM "users" WHERE "users"."id" = ? LIMIT 1[0m  [["id", 1]]
  Rendered layouts/_header.html.erb (1.0ms)
  Rendered layouts/_footer.html.erb (0.1ms)
Completed 200 OK in 38ms (Views: 36.7ms | ActiveRecord: 0.2ms)


Started GET "/users/1/edit" for ::1 at 2015-08-09 16:49:19 +1000
Processing by UsersController#edit as HTML
  Parameters: {"id"=>"1"}
  [1m[35mUser Load (0.1ms)[0m  SELECT  "users".* FROM "users" WHERE "users"."id" = ? LIMIT 1  [["id", 1]]
  Rendered shared/_error_messages.html.erb (0.0ms)
  Rendered users/edit.html.erb within layouts/application (2.4ms)
  Rendered layouts/_shim.html.erb (0.0ms)
  [1m[36mUser Load (0.1ms)[0m  [1mSELECT  "users".* FROM "users" WHERE "users"."id" = ? LIMIT 1[0m  [["id", 1]]
  Rendered layouts/_header.html.erb (0.6ms)
  Rendered layouts/_footer.html.erb (0.1ms)
Completed 200 OK in 40ms (Views: 39.7ms | ActiveRecord: 0.1ms)


Started PATCH "/users/1" for ::1 at 2015-08-09 16:49:25 +1000
Processing by UsersController#update as HTML
  Parameters: {"utf8"=>"✓", "authenticity_token"=>"+LVgJwfKPaMl4Rztea79PMqBn3EFMr3hydFKQRUnEqkVfYq3R2+EtasBbq5qVHO6c2JUIepA6cKZ7c9EKyKWig==", "user"=>{"name"=>"", "email"=>"popcorn@corn.com", "password"=>"[FILTERED]", "password_confirmation"=>"[FILTERED]"}, "commit"=>"Save Changes", "id"=>"1"}
  [1m[35mUser Load (0.1ms)[0m  SELECT  "users".* FROM "users" WHERE "users"."id" = ? LIMIT 1  [["id", 1]]
  [1m[36m (0.0ms)[0m  [1mbegin transaction[0m
  [1m[35mUser Exists (0.1ms)[0m  SELECT  1 AS one FROM "users" WHERE (LOWER("users"."email") = LOWER('popcorn@corn.com') AND "users"."id" != 1) LIMIT 1
  [1m[36m (0.1ms)[0m  [1mrollback transaction[0m
  Rendered shared/_error_messages.html.erb (1.2ms)
  Rendered users/edit.html.erb within layouts/application (3.0ms)
  Rendered layouts/_shim.html.erb (0.0ms)
  [1m[35mUser Load (0.1ms)[0m  SELECT  "users".* FROM "users" WHERE "users"."id" = ? LIMIT 1  [["id", 1]]
  Rendered layouts/_header.html.erb (0.6ms)
  Rendered layouts/_footer.html.erb (0.1ms)
Completed 200 OK in 64ms (Views: 57.4ms | ActiveRecord: 0.4ms)


Started PATCH "/users/1" for ::1 at 2015-08-09 17:10:16 +1000
Processing by UsersController#update as HTML
  Parameters: {"utf8"=>"✓", "authenticity_token"=>"/yIctuoSuOFJuYP8suFjZZNtGfqjX3mtv64MlqhdD9kS6vYmqrcB98dZ8b+hG+3jKo7SqkwtLY7vkomTlliL+g==", "user"=>{"name"=>"popcorn pop1", "email"=>"popcorn@corn.com", "password"=>"[FILTERED]", "password_confirmation"=>"[FILTERED]"}, "commit"=>"Save Changes", "id"=>"1"}
  [1m[36mUser Load (0.1ms)[0m  [1mSELECT  "users".* FROM "users" WHERE "users"."id" = ? LIMIT 1[0m  [["id", 1]]
  [1m[35m (0.0ms)[0m  begin transaction
  [1m[36mUser Exists (0.2ms)[0m  [1mSELECT  1 AS one FROM "users" WHERE (LOWER("users"."email") = LOWER('popcorn@corn.com') AND "users"."id" != 1) LIMIT 1[0m
  [1m[35mSQL (0.2ms)[0m  UPDATE "users" SET "name" = ?, "updated_at" = ? WHERE "users"."id" = ?  [["name", "popcorn pop1"], ["updated_at", "2015-08-09 07:10:16.397713"], ["id", 1]]
  [1m[36m (0.5ms)[0m  [1mcommit transaction[0m
Redirected to http://localhost:3000/users/1
Completed 302 Found in 12ms (ActiveRecord: 1.3ms)


Started GET "/users/1" for ::1 at 2015-08-09 17:10:16 +1000
Processing by UsersController#show as HTML
  Parameters: {"id"=>"1"}
  [1m[35mUser Load (0.1ms)[0m  SELECT  "users".* FROM "users" WHERE "users"."id" = ? LIMIT 1  [["id", 1]]
  Rendered users/show.html.erb within layouts/application (0.2ms)
  Rendered layouts/_shim.html.erb (0.0ms)
  [1m[36mUser Load (0.1ms)[0m  [1mSELECT  "users".* FROM "users" WHERE "users"."id" = ? LIMIT 1[0m  [["id", 1]]
  Rendered layouts/_header.html.erb (1.3ms)
  Rendered layouts/_footer.html.erb (0.1ms)
Completed 200 OK in 59ms (Views: 57.7ms | ActiveRecord: 0.2ms)


Started GET "/users/1/edit" for ::1 at 2015-08-09 17:10:23 +1000
Processing by UsersController#edit as HTML
  Parameters: {"id"=>"1"}
  [1m[35mUser Load (0.1ms)[0m  SELECT  "users".* FROM "users" WHERE "users"."id" = ? LIMIT 1  [["id", 1]]
  Rendered shared/_error_messages.html.erb (0.0ms)
  Rendered users/edit.html.erb within layouts/application (2.6ms)
  Rendered layouts/_shim.html.erb (0.0ms)
  [1m[36mUser Load (0.1ms)[0m  [1mSELECT  "users".* FROM "users" WHERE "users"."id" = ? LIMIT 1[0m  [["id", 1]]
  Rendered layouts/_header.html.erb (0.6ms)
  Rendered layouts/_footer.html.erb (0.1ms)
Completed 200 OK in 46ms (Views: 45.3ms | ActiveRecord: 0.1ms)


Started PATCH "/users/1" for ::1 at 2015-08-09 17:10:26 +1000
Processing by UsersController#update as HTML
  Parameters: {"utf8"=>"✓", "authenticity_token"=>"3JDhtZRoLy81uw9Ghejpio6Em0rfipOWdRo8VBXkW2MxWAsl1M2WObtbfQWWEmcMN2dQGjD4x7UlJrlRK+HfQA==", "user"=>{"name"=>"popcorn pop", "email"=>"popcorn@corn.com", "password"=>"[FILTERED]", "password_confirmation"=>"[FILTERED]"}, "commit"=>"Save Changes", "id"=>"1"}
  [1m[35mUser Load (0.1ms)[0m  SELECT  "users".* FROM "users" WHERE "users"."id" = ? LIMIT 1  [["id", 1]]
  [1m[36m (0.0ms)[0m  [1mbegin transaction[0m
  [1m[35mUser Exists (0.1ms)[0m  SELECT  1 AS one FROM "users" WHERE (LOWER("users"."email") = LOWER('popcorn@corn.com') AND "users"."id" != 1) LIMIT 1
  [1m[36mSQL (0.2ms)[0m  [1mUPDATE "users" SET "name" = ?, "updated_at" = ? WHERE "users"."id" = ?[0m  [["name", "popcorn pop"], ["updated_at", "2015-08-09 07:10:26.621796"], ["id", 1]]
  [1m[35m (1.4ms)[0m  commit transaction
Redirected to http://localhost:3000/users/1
Completed 302 Found in 4ms (ActiveRecord: 1.7ms)


Started GET "/users/1" for ::1 at 2015-08-09 17:10:26 +1000
Processing by UsersController#show as HTML
  Parameters: {"id"=>"1"}
  [1m[36mUser Load (0.1ms)[0m  [1mSELECT  "users".* FROM "users" WHERE "users"."id" = ? LIMIT 1[0m  [["id", 1]]
  Rendered users/show.html.erb within layouts/application (0.1ms)
  Rendered layouts/_shim.html.erb (0.0ms)
  [1m[35mUser Load (0.1ms)[0m  SELECT  "users".* FROM "users" WHERE "users"."id" = ? LIMIT 1  [["id", 1]]
  Rendered layouts/_header.html.erb (0.7ms)
  Rendered layouts/_footer.html.erb (0.1ms)
Completed 200 OK in 44ms (Views: 43.0ms | ActiveRecord: 0.1ms)


Started DELETE "/logout" for ::1 at 2015-08-10 06:21:37 +1000
Processing by SessionsController#destroy as HTML
  Parameters: {"authenticity_token"=>"GliM1yoGcTabbabjHn/oU2bir5TUOAMC4digIpwDZAn3kGZHaqPIIBWN1KANhWbV3wFkxDtKVyGx5CUnogbgKg=="}
  [1m[36mUser Load (0.1ms)[0m  [1mSELECT  "users".* FROM "users" WHERE "users"."id" = ? LIMIT 1[0m  [["id", 1]]
  [1m[35m (0.0ms)[0m  begin transaction
  [1m[36m (0.0ms)[0m  [1mcommit transaction[0m
Redirected to http://localhost:3000/
Completed 302 Found in 7ms (ActiveRecord: 0.6ms)


Started GET "/" for ::1 at 2015-08-10 06:21:37 +1000
Processing by StaticPagesController#home as HTML
  Rendered static_pages/home.html.erb within layouts/application (2.6ms)
  Rendered layouts/_shim.html.erb (0.0ms)
  Rendered layouts/_header.html.erb (0.2ms)
  Rendered layouts/_footer.html.erb (0.1ms)
Completed 200 OK in 61ms (Views: 60.2ms | ActiveRecord: 0.0ms)


Started GET "/login" for ::1 at 2015-08-10 06:21:40 +1000
Processing by SessionsController#new as HTML
  Rendered sessions/new.html.erb within layouts/application (0.8ms)
  Rendered layouts/_shim.html.erb (0.0ms)
  Rendered layouts/_header.html.erb (0.2ms)
  Rendered layouts/_footer.html.erb (0.1ms)
Completed 200 OK in 45ms (Views: 44.2ms | ActiveRecord: 0.0ms)


Started POST "/login" for ::1 at 2015-08-10 06:21:43 +1000
Processing by SessionsController#create as HTML
  Parameters: {"utf8"=>"✓", "authenticity_token"=>"Wa2RZQDAktR8WftLBVElUhy/lQQfbWiThVlY7dAxt/m0ZXv1QGUrwvK5iQgWq6vUpVxeVPAfPLDVZd3o7jQz2g==", "session"=>{"email"=>"popcorn@corn.com", "password"=>"[FILTERED]", "remember_me"=>"0"}, "commit"=>"Log In"}
  [1m[35mUser Load (0.1ms)[0m  SELECT  "users".* FROM "users" WHERE "users"."email" = ? LIMIT 1  [["email", "popcorn@corn.com"]]
  [1m[36m (0.1ms)[0m  [1mbegin transaction[0m
  [1m[35m (0.0ms)[0m  commit transaction
Redirected to http://localhost:3000/users/1
Completed 302 Found in 52ms (ActiveRecord: 0.2ms)


Started GET "/users/1" for ::1 at 2015-08-10 06:21:43 +1000
Processing by UsersController#show as HTML
  Parameters: {"id"=>"1"}
  [1m[36mUser Load (0.1ms)[0m  [1mSELECT  "users".* FROM "users" WHERE "users"."id" = ? LIMIT 1[0m  [["id", 1]]
  Rendered users/show.html.erb within layouts/application (0.1ms)
  Rendered layouts/_shim.html.erb (0.0ms)
  [1m[35mUser Load (0.1ms)[0m  SELECT  "users".* FROM "users" WHERE "users"."id" = ? LIMIT 1  [["id", 1]]
  Rendered layouts/_header.html.erb (0.8ms)
  Rendered layouts/_footer.html.erb (0.1ms)
Completed 200 OK in 46ms (Views: 44.7ms | ActiveRecord: 0.1ms)


Started DELETE "/logout" for ::1 at 2015-08-10 06:21:59 +1000
Processing by SessionsController#destroy as HTML
  Parameters: {"authenticity_token"=>"qsYGMkYZ4hbZC2AonZRqiIaoVo45VHmUA+lSGMLmd4VHDuyiBrxbAFfrEmuObuQOP0ud3tYmLbdT1dcd/OPzpg=="}
  [1m[36mUser Load (0.1ms)[0m  [1mSELECT  "users".* FROM "users" WHERE "users"."id" = ? LIMIT 1[0m  [["id", 1]]
  [1m[35m (0.0ms)[0m  begin transaction
  [1m[36m (0.0ms)[0m  [1mcommit transaction[0m
Redirected to http://localhost:3000/
Completed 302 Found in 2ms (ActiveRecord: 0.1ms)


Started GET "/" for ::1 at 2015-08-10 06:21:59 +1000
Processing by StaticPagesController#home as HTML
  Rendered static_pages/home.html.erb within layouts/application (1.1ms)
  Rendered layouts/_shim.html.erb (0.0ms)
  Rendered layouts/_header.html.erb (0.3ms)
  Rendered layouts/_footer.html.erb (0.1ms)
Completed 200 OK in 47ms (Views: 46.2ms | ActiveRecord: 0.0ms)


Started GET "/users/1/edit" for ::1 at 2015-08-10 06:22:07 +1000
Processing by UsersController#edit as HTML
  Parameters: {"id"=>"1"}
Redirected to http://localhost:3000/login
Filter chain halted as :logged_in_user rendered or redirected
Completed 302 Found in 1ms (ActiveRecord: 0.0ms)


Started GET "/login" for ::1 at 2015-08-10 06:22:07 +1000
Processing by SessionsController#new as HTML
  Rendered sessions/new.html.erb within layouts/application (1.4ms)
  Rendered layouts/_shim.html.erb (0.0ms)
  Rendered layouts/_header.html.erb (0.2ms)
  Rendered layouts/_footer.html.erb (0.1ms)
Completed 200 OK in 46ms (Views: 46.0ms | ActiveRecord: 0.0ms)


Started POST "/login" for ::1 at 2015-08-10 07:27:13 +1000
Processing by SessionsController#create as HTML
  Parameters: {"utf8"=>"✓", "authenticity_token"=>"XqvR4BVYTO+1aAN7Zsr6dQyOtPZK4nirvKDa9p4hynWzYztwVf31+TuIcTh1MHTztW1/pqWQLIjsnF/zoCROVg==", "session"=>{"email"=>"popcorn@corn.com", "password"=>"[FILTERED]", "remember_me"=>"0"}, "commit"=>"Log In"}
  [1m[35mUser Load (0.1ms)[0m  SELECT  "users".* FROM "users" WHERE "users"."email" = ? LIMIT 1  [["email", "popcorn@corn.com"]]
  [1m[36m (0.0ms)[0m  [1mbegin transaction[0m
  [1m[35m (0.0ms)[0m  commit transaction
Redirected to http://localhost:3000/users/1
Completed 302 Found in 55ms (ActiveRecord: 0.6ms)


Started GET "/users/1" for ::1 at 2015-08-10 07:27:13 +1000
Processing by UsersController#show as HTML
  Parameters: {"id"=>"1"}
  [1m[36mUser Load (0.1ms)[0m  [1mSELECT  "users".* FROM "users" WHERE "users"."id" = ? LIMIT 1[0m  [["id", 1]]
  Rendered users/show.html.erb within layouts/application (0.1ms)
  Rendered layouts/_shim.html.erb (0.0ms)
  [1m[35mUser Load (0.1ms)[0m  SELECT  "users".* FROM "users" WHERE "users"."id" = ? LIMIT 1  [["id", 1]]
  Rendered layouts/_header.html.erb (1.0ms)
  Rendered layouts/_footer.html.erb (0.1ms)
Completed 200 OK in 42ms (Views: 40.7ms | ActiveRecord: 0.2ms)


Started DELETE "/logout" for ::1 at 2015-08-10 07:27:25 +1000
Processing by SessionsController#destroy as HTML
  Parameters: {"authenticity_token"=>"UwSjuJhWkjX5NemZorkx+OL3o02X30T74g0fmRBD1A6+zEko2PMrI3fVm9qxQ79+WxRoHXitENiyMZqcLkZQLQ=="}
  [1m[36mUser Load (0.1ms)[0m  [1mSELECT  "users".* FROM "users" WHERE "users"."id" = ? LIMIT 1[0m  [["id", 1]]
  [1m[35m (0.0ms)[0m  begin transaction
  [1m[36m (0.0ms)[0m  [1mcommit transaction[0m
Redirected to http://localhost:3000/
Completed 302 Found in 2ms (ActiveRecord: 0.1ms)


Started GET "/" for ::1 at 2015-08-10 07:27:25 +1000
Processing by StaticPagesController#home as HTML
  Rendered static_pages/home.html.erb within layouts/application (1.2ms)
  Rendered layouts/_shim.html.erb (0.0ms)
  Rendered layouts/_header.html.erb (0.2ms)
  Rendered layouts/_footer.html.erb (0.2ms)
Completed 200 OK in 43ms (Views: 42.2ms | ActiveRecord: 0.0ms)


Started GET "/signup" for ::1 at 2015-08-10 07:27:28 +1000
Processing by UsersController#new as HTML
  Rendered shared/_error_messages.html.erb (0.1ms)
  Rendered users/new.html.erb within layouts/application (4.3ms)
  Rendered layouts/_shim.html.erb (0.0ms)
  Rendered layouts/_header.html.erb (0.2ms)
  Rendered layouts/_footer.html.erb (0.1ms)
Completed 200 OK in 62ms (Views: 61.1ms | ActiveRecord: 0.0ms)


Started POST "/users" for ::1 at 2015-08-10 07:27:54 +1000
Processing by UsersController#create as HTML
  Parameters: {"utf8"=>"✓", "authenticity_token"=>"xuOHtU4hykDlK/mSlXspevc62ChATq03aRo+LXvoChcrK20lDoRzVmvLi9GGgaf8TtkTeK88+RQ5JrsoRe2ONA==", "user"=>{"name"=>"sniper sniper", "email"=>"sniper@gun.com", "password"=>"[FILTERED]", "password_confirmation"=>"[FILTERED]"}, "commit"=>"Create my account"}
  [1m[35m (0.1ms)[0m  begin transaction
  [1m[36mUser Exists (0.1ms)[0m  [1mSELECT  1 AS one FROM "users" WHERE LOWER("users"."email") = LOWER('sniper@gun.com') LIMIT 1[0m
  [1m[35mSQL (0.3ms)[0m  INSERT INTO "users" ("name", "email", "password_digest", "created_at", "updated_at") VALUES (?, ?, ?, ?, ?)  [["name", "sniper sniper"], ["email", "sniper@gun.com"], ["password_digest", "$2a$10$NTdSwEeQTcFKZEJCh4PaveX97udbr6I.eViLoGC98pfd6fDM.P22e"], ["created_at", "2015-08-09 21:27:54.479825"], ["updated_at", "2015-08-09 21:27:54.479825"]]
  [1m[36m (0.7ms)[0m  [1mcommit transaction[0m
Redirected to http://localhost:3000/users/2
Completed 302 Found in 55ms (ActiveRecord: 1.2ms)


Started GET "/users/2" for ::1 at 2015-08-10 07:27:54 +1000
Processing by UsersController#show as HTML
  Parameters: {"id"=>"2"}
  [1m[35mUser Load (0.1ms)[0m  SELECT  "users".* FROM "users" WHERE "users"."id" = ? LIMIT 1  [["id", 2]]
  Rendered users/show.html.erb within layouts/application (0.1ms)
  Rendered layouts/_shim.html.erb (0.0ms)
  [1m[36mUser Load (0.1ms)[0m  [1mSELECT  "users".* FROM "users" WHERE "users"."id" = ? LIMIT 1[0m  [["id", 2]]
  Rendered layouts/_header.html.erb (0.8ms)
  Rendered layouts/_footer.html.erb (0.1ms)
Completed 200 OK in 40ms (Views: 39.3ms | ActiveRecord: 0.2ms)


Started GET "/users/1/edit" for ::1 at 2015-08-10 07:28:02 +1000
Processing by UsersController#edit as HTML
  Parameters: {"id"=>"1"}
  [1m[35mUser Load (0.1ms)[0m  SELECT  "users".* FROM "users" WHERE "users"."id" = ? LIMIT 1  [["id", 2]]
  [1m[36mUser Load (0.0ms)[0m  [1mSELECT  "users".* FROM "users" WHERE "users"."id" = ? LIMIT 1[0m  [["id", 1]]
Redirected to http://localhost:3000/
Filter chain halted as :correct_user rendered or redirected
Completed 302 Found in 1ms (ActiveRecord: 0.1ms)


Started GET "/" for ::1 at 2015-08-10 07:28:02 +1000
Processing by StaticPagesController#home as HTML
  Rendered static_pages/home.html.erb within layouts/application (0.9ms)
  Rendered layouts/_shim.html.erb (0.0ms)
  [1m[35mUser Load (0.1ms)[0m  SELECT  "users".* FROM "users" WHERE "users"."id" = ? LIMIT 1  [["id", 2]]
  Rendered layouts/_header.html.erb (0.6ms)
  Rendered layouts/_footer.html.erb (0.1ms)
Completed 200 OK in 37ms (Views: 36.4ms | ActiveRecord: 0.1ms)


Started DELETE "/logout" for ::1 at 2015-08-10 07:28:12 +1000
Processing by SessionsController#destroy as HTML
  Parameters: {"authenticity_token"=>"VrWeAgZT67YJQsln0k/aPCcLOXjQjw9oQSGzL0jG8Hu7fXSSRvZSoIeiuyTBtVS6nujyKD/9W0sRHTYqdsN0WA=="}
  [1m[36mUser Load (0.1ms)[0m  [1mSELECT  "users".* FROM "users" WHERE "users"."id" = ? LIMIT 1[0m  [["id", 2]]
  [1m[35m (0.0ms)[0m  begin transaction
  [1m[36m (0.0ms)[0m  [1mcommit transaction[0m
Redirected to http://localhost:3000/
Completed 302 Found in 2ms (ActiveRecord: 0.1ms)


Started GET "/" for ::1 at 2015-08-10 07:28:12 +1000
Processing by StaticPagesController#home as HTML
  Rendered static_pages/home.html.erb within layouts/application (1.1ms)
  Rendered layouts/_shim.html.erb (0.0ms)
  Rendered layouts/_header.html.erb (0.2ms)
  Rendered layouts/_footer.html.erb (0.1ms)
Completed 200 OK in 35ms (Views: 35.0ms | ActiveRecord: 0.0ms)


Started GET "/users/1/edit" for ::1 at 2015-08-10 07:28:34 +1000
Processing by UsersController#edit as HTML
  Parameters: {"id"=>"1"}
Redirected to http://localhost:3000/login
Filter chain halted as :logged_in_user rendered or redirected
Completed 302 Found in 1ms (ActiveRecord: 0.0ms)


Started GET "/login" for ::1 at 2015-08-10 07:28:34 +1000
Processing by SessionsController#new as HTML
  Rendered sessions/new.html.erb within layouts/application (0.7ms)
  Rendered layouts/_shim.html.erb (0.0ms)
  Rendered layouts/_header.html.erb (0.2ms)
  Rendered layouts/_footer.html.erb (0.1ms)
Completed 200 OK in 39ms (Views: 38.3ms | ActiveRecord: 0.0ms)


Started GET "/users/2/edit" for ::1 at 2015-08-10 07:28:45 +1000
Processing by UsersController#edit as HTML
  Parameters: {"id"=>"2"}
Redirected to http://localhost:3000/login
Filter chain halted as :logged_in_user rendered or redirected
Completed 302 Found in 1ms (ActiveRecord: 0.0ms)


Started GET "/login" for ::1 at 2015-08-10 07:28:45 +1000
Processing by SessionsController#new as HTML
  Rendered sessions/new.html.erb within layouts/application (0.8ms)
  Rendered layouts/_shim.html.erb (0.0ms)
  Rendered layouts/_header.html.erb (0.2ms)
  Rendered layouts/_footer.html.erb (0.1ms)
Completed 200 OK in 35ms (Views: 35.0ms | ActiveRecord: 0.0ms)
